Arguments: 
  C:\Program Files\nodejs\node.exe C:\Users\morga\AppData\Roaming\npm\node_modules\yarn\bin\yarn.js add react-particles-js

PATH: 
  C:\Program Files\Python37\Scripts\;C:\Program Files\Python37\;C:\Program Files (x86)\PHP\v7.2;C:\Program Files (x86)\Common Files\Oracle\Java\javapath;C:\Program Files (x86)\Intel\iCLS Client\;C:\Program Files\Intel\iCLS Client\;C:\Windows\system32;C:\Windows;C:\Windows\System32\Wbem;C:\Windows\System32\WindowsPowerShell\v1.0\;C:\Program Files (x86)\NVIDIA Corporation\PhysX\Common;C:\Program Files\Git\cmd;C:\WINDOWS\system32;C:\WINDOWS;C:\WINDOWS\System32\Wbem;C:\WINDOWS\System32\WindowsPowerShell\v1.0\;C:\WINDOWS\System32\OpenSSH\;C:\Program Files (x86)\Intel\Intel(R) Management Engine Components\DAL;C:\Program Files\Intel\Intel(R) Management Engine Components\DAL;C:\Program Files (x86)\Intel\Intel(R) Management Engine Components\IPT;C:\Program Files\Intel\Intel(R) Management Engine Components\IPT;C:\Program Files\nodejs\;C:\Program Files\Microsoft\Web Platform Installer\;C:\Users\morga\AppData\Local\Microsoft\WindowsApps;C:\Program Files\Microsoft VS Code\bin;C:\Users\morga\AppData\Roaming\npm;C:\Program Files\NVIDIA Corporation\NVIDIA NvDLISR;C:\WINDOWS\system32;C:\WINDOWS;C:\WINDOWS\System32\Wbem;C:\WINDOWS\System32\WindowsPowerShell\v1.0\;C:\WINDOWS\System32\OpenSSH\;C:\Program Files\MySQL\MySQL Server 8.0\bin;C:\Program Files (x86)\Yarn\bin\;C:\Program Files\MySQL\MySQL Shell 8.0\bin\;C:\Program Files\MongoDB\Server\4.0\bin;C:\Program Files\heroku\bin;C:\Users\morga\AppData\Local\hyper\app-3.0.2\resources\bin;C:\Program Files\PostgreSQL\11\bin;C:\Program Files\Docker Toolbox;C:\Program Files\Python37;C:\Program Files (x86)\Yarn\bin;

Yarn version: 
  1.17.3

Node version: 
  8.11.2

Platform: 
  win32 x64

Trace: 
  Error: EPERM: operation not permitted, unlink 'C:\code\ltp\home-ts\node_modules\node-sass\vendor\win32-x64-57\binding.node'

npm manifest: 
  {
    "name": "home-typescript",
    "version": "1.0.0",
    "description": "",
    "main": "index.js",
    "scripts": {
      "build": "webpack --config webpack.config.js -d -w",
      "dev:compile": "webpack --config webpack.server.js -d -w",
      "dev:start": "nodemon serverBundle.js",
      "dev:css": "node-sass -w client -o bin",
      "start": "npm-run-all --parallel dev:*",
      "prod:build": "webpack --config webpack.config.js -p",
      "prod:compile": "webpack --config webpack.server.js -p",
      "prod:css": "node-sass client -o bin --output-style compressed",
      "server": "node serverBundle.js",
      "prod:start": "npm-run-all --parallel prod:*",
      "test": "jest"
    },
    "author": "",
    "license": "ISC",
    "dependencies": {
      "@types/enzyme": "^3.10.3",
      "axios": "^0.19.0",
      "body-parser": "^1.19.0",
      "cors": "^2.8.5",
      "dotenv": "^8.0.0",
      "express": "^4.17.1",
      "history": "^4.9.0",
      "pg-promise": "^8.7.4",
      "react": "^16.8.6",
      "react-dom": "^16.8.6",
      "react-redux": "^7.1.0",
      "react-router-dom": "^5.0.1",
      "react-transition-group": "^4.2.1",
      "redux": "^4.0.1",
      "redux-thunk": "^2.3.0",
      "typescript": "^3.5.2"
    },
    "devDependencies": {
      "@babel/core": "^7.5.0",
      "@babel/preset-env": "^7.5.0",
      "@babel/preset-react": "^7.0.0",
      "@types/body-parser": "^1.17.0",
      "@types/cors": "^2.8.5",
      "@types/express": "^4.0.0",
      "@types/jest": "^24.0.15",
      "@types/node": "^12.0.12",
      "@types/pg": "^7.4.14",
      "@types/react": "^16.8.23",
      "@types/react-dom": "^16.8.4",
      "@types/react-redux": "^7.1.1",
      "@types/react-router": "^5.0.3",
      "@types/react-router-dom": "^4.3.4",
      "babel-core": "^6.26.3",
      "babel-jest": "^24.8.0",
      "babel-loader": "^8.0.6",
      "babel-preset-env": "^1.7.0",
      "babel-preset-react-app": "^9.0.0",
      "copy-webpack-plugin": "^5.0.3",
      "css-loader": "^3.0.0",
      "css-modules-typescript-loader": "^2.0.4",
      "enzyme": "^3.10.0",
      "enzyme-adapter-react-16": "^1.14.0",
      "enzyme-to-json": "^3.3.5",
      "html-webpack-plugin": "^3.2.0",
      "ignore-loader": "^0.1.2",
      "jest": "^24.8.0",
      "node-sass": "^4.12.0",
      "nodemon": "^1.19.1",
      "npm-run-all": "^4.1.5",
      "sass-loader": "^7.1.0",
      "source-map-loader": "^0.2.4",
      "style-loader": "^0.23.1",
      "sw-precache-webpack-plugin": "^0.11.5",
      "ts-jest": "^24.0.2",
      "ts-loader": "^6.0.4",
      "webpack": "^4.35.2",
      "webpack-bundle-analyzer": "^3.3.2",
      "webpack-cli": "^3.3.5",
      "webpack-dev-middleware": "^3.7.0",
      "webpack-hot-middleware": "^2.25.0",
      "webpack-manifest-plugin": "^2.0.4",
      "webpack-node-externals": "^1.7.2"
    },
    "jest": {
      "moduleFileExtensions": [
        "ts",
        "tsx",
        "js"
      ],
      "transform": {
        "\\.(ts|tsx)$": "ts-jest"
      },
      "setupFiles": [
        "raf/polyfill"
      ],
      "testRegex": "/tests/.*\\.(ts|tsx)$",
      "setupFilesAfterEnv": [
        "./tests/setupTests.js"
      ]
    }
  }

yarn manifest: 
  No manifest

Lockfile: 
  No lockfile
